Determining if the pthread_create exist failed with the following output:
Change Dir: /home/csmajs/mmany001/try/CMakeFiles/CMakeTmp

Run Build Command:"/usr/bin/gmake" "cmTC_afb21/fast"
/usr/bin/gmake -f CMakeFiles/cmTC_afb21.dir/build.make CMakeFiles/cmTC_afb21.dir/build
gmake[1]: Entering directory `/home/csmajs/mmany001/try/CMakeFiles/CMakeTmp'
Building C object CMakeFiles/cmTC_afb21.dir/CheckSymbolExists.c.o
/usr/bin/cc    -o CMakeFiles/cmTC_afb21.dir/CheckSymbolExists.c.o   -c /home/csmajs/mmany001/try/CMakeFiles/CMakeTmp/CheckSymbolExists.c
Linking C executable cmTC_afb21
/usr/bin/cmake3 -E cmake_link_script CMakeFiles/cmTC_afb21.dir/link.txt --verbose=1
/usr/bin/cc      -rdynamic CMakeFiles/cmTC_afb21.dir/CheckSymbolExists.c.o  -o cmTC_afb21 
CMakeFiles/cmTC_afb21.dir/CheckSymbolExists.c.o: In function `main':
CheckSymbolExists.c:(.text+0x16): undefined reference to `pthread_create'
collect2: error: ld returned 1 exit status
gmake[1]: *** [cmTC_afb21] Error 1
gmake[1]: Leaving directory `/home/csmajs/mmany001/try/CMakeFiles/CMakeTmp'
gmake: *** [cmTC_afb21/fast] Error 2

File /home/csmajs/mmany001/try/CMakeFiles/CMakeTmp/CheckSymbolExists.c:
/* */
#include <pthread.h>

int main(int argc, char** argv)
{
  (void)argv;
#ifndef pthread_create
  return ((int*)(&pthread_create))[argc];
#else
  (void)argc;
  return 0;
#endif
}

Determining if the function pthread_create exists in the pthreads failed with the following output:
Change Dir: /home/csmajs/mmany001/try/CMakeFiles/CMakeTmp

Run Build Command:"/usr/bin/gmake" "cmTC_60169/fast"
/usr/bin/gmake -f CMakeFiles/cmTC_60169.dir/build.make CMakeFiles/cmTC_60169.dir/build
gmake[1]: Entering directory `/home/csmajs/mmany001/try/CMakeFiles/CMakeTmp'
Building C object CMakeFiles/cmTC_60169.dir/CheckFunctionExists.c.o
/usr/bin/cc   -DCHECK_FUNCTION_EXISTS=pthread_create   -o CMakeFiles/cmTC_60169.dir/CheckFunctionExists.c.o   -c /usr/share/cmake3/Modules/CheckFunctionExists.c
Linking C executable cmTC_60169
/usr/bin/cmake3 -E cmake_link_script CMakeFiles/cmTC_60169.dir/link.txt --verbose=1
/usr/bin/cc  -DCHECK_FUNCTION_EXISTS=pthread_create    -rdynamic CMakeFiles/cmTC_60169.dir/CheckFunctionExists.c.o  -o cmTC_60169 -lpthreads 
/usr/bin/ld: cannot find -lpthreads
collect2: error: ld returned 1 exit status
gmake[1]: *** [cmTC_60169] Error 1
gmake[1]: Leaving directory `/home/csmajs/mmany001/try/CMakeFiles/CMakeTmp'
gmake: *** [cmTC_60169/fast] Error 2


